<?xml version='1.0' encoding='UTF-8'?>
<testsuites name="Clinical BDD Integration Tests" time="2.351382" tests="25" failures="2"><testsuite name="Component Integration Tests" time="2.019501" tests="8" failures="0" /><testsuite name="E2E Clinical Workflow Tests" time="0.010444" tests="3" failures="0" /><testsuite name="Performance Validation Tests" time="0.312263" tests="7" failures="0" /><testsuite name="Security Validation Tests" time="0.008682" tests="7" failures="2"><testcase name="Security Validation Tests_execution" time="0.008682"><failure>Test suite failed: 2 tests failed</failure></testcase></testsuite></testsuites>