<?xml version='1.0' encoding='UTF-8'?>
<testsuites name="Clinical BDD Integration Tests" time="2.345333" tests="22" failures="3"><testsuite name="Component Integration Tests" time="2.020419" tests="8" failures="0" /><testsuite name="E2E Clinical Workflow Tests" time="2.4e-05" tests="0" failures="1"><testcase name="E2E Clinical Workflow Tests_execution" time="2.4e-05"><failure>Test suite failed: 1 tests failed</failure></testcase></testsuite><testsuite name="Performance Validation Tests" time="0.315876" tests="7" failures="0" /><testsuite name="Security Validation Tests" time="0.008428" tests="7" failures="2"><testcase name="Security Validation Tests_execution" time="0.008428"><failure>Test suite failed: 2 tests failed</failure></testcase></testsuite></testsuites>